Determining if the pthread_create exist failed with the following output:
Change Dir: /home/aditya/raha2016_slam/build/CMakeFiles/CMakeTmp

Run Build Command:/usr/bin/make "cmTryCompileExec3032333293/fast"
/usr/bin/make -f CMakeFiles/cmTryCompileExec3032333293.dir/build.make CMakeFiles/cmTryCompileExec3032333293.dir/build
make[1]: Entering directory `/home/aditya/raha2016_slam/build/CMakeFiles/CMakeTmp'
/usr/bin/cmake -E cmake_progress_report /home/aditya/raha2016_slam/build/CMakeFiles/CMakeTmp/CMakeFiles 1
Building C object CMakeFiles/cmTryCompileExec3032333293.dir/CheckSymbolExists.c.o
/usr/bin/cc    -o CMakeFiles/cmTryCompileExec3032333293.dir/CheckSymbolExists.c.o   -c /home/aditya/raha2016_slam/build/CMakeFiles/CMakeTmp/CheckSymbolExists.c
Linking C executable cmTryCompileExec3032333293
/usr/bin/cmake -E cmake_link_script CMakeFiles/cmTryCompileExec3032333293.dir/link.txt --verbose=1
/usr/bin/cc       CMakeFiles/cmTryCompileExec3032333293.dir/CheckSymbolExists.c.o  -o cmTryCompileExec3032333293 -rdynamic 
CMakeFiles/cmTryCompileExec3032333293.dir/CheckSymbolExists.c.o: In function `main':
CheckSymbolExists.c:(.text+0x16): undefined reference to `pthread_create'
collect2: error: ld returned 1 exit status
make[1]: *** [cmTryCompileExec3032333293] Error 1
make[1]: Leaving directory `/home/aditya/raha2016_slam/build/CMakeFiles/CMakeTmp'
make: *** [cmTryCompileExec3032333293/fast] Error 2

File /home/aditya/raha2016_slam/build/CMakeFiles/CMakeTmp/CheckSymbolExists.c:
/* */
#include <pthread.h>

int main(int argc, char** argv)
{
  (void)argv;
#ifndef pthread_create
  return ((int*)(&pthread_create))[argc];
#else
  (void)argc;
  return 0;
#endif
}

Determining if the function pthread_create exists in the pthreads failed with the following output:
Change Dir: /home/aditya/raha2016_slam/build/CMakeFiles/CMakeTmp

Run Build Command:/usr/bin/make "cmTryCompileExec4092115487/fast"
/usr/bin/make -f CMakeFiles/cmTryCompileExec4092115487.dir/build.make CMakeFiles/cmTryCompileExec4092115487.dir/build
make[1]: Entering directory `/home/aditya/raha2016_slam/build/CMakeFiles/CMakeTmp'
/usr/bin/cmake -E cmake_progress_report /home/aditya/raha2016_slam/build/CMakeFiles/CMakeTmp/CMakeFiles 1
Building C object CMakeFiles/cmTryCompileExec4092115487.dir/CheckFunctionExists.c.o
/usr/bin/cc   -DCHECK_FUNCTION_EXISTS=pthread_create   -o CMakeFiles/cmTryCompileExec4092115487.dir/CheckFunctionExists.c.o   -c /usr/share/cmake-2.8/Modules/CheckFunctionExists.c
Linking C executable cmTryCompileExec4092115487
/usr/bin/cmake -E cmake_link_script CMakeFiles/cmTryCompileExec4092115487.dir/link.txt --verbose=1
/usr/bin/cc   -DCHECK_FUNCTION_EXISTS=pthread_create    CMakeFiles/cmTryCompileExec4092115487.dir/CheckFunctionExists.c.o  -o cmTryCompileExec4092115487 -rdynamic -lpthreads 
/usr/bin/ld: cannot find -lpthreads
collect2: error: ld returned 1 exit status
make[1]: *** [cmTryCompileExec4092115487] Error 1
make[1]: Leaving directory `/home/aditya/raha2016_slam/build/CMakeFiles/CMakeTmp'
make: *** [cmTryCompileExec4092115487/fast] Error 2


Determining if the Q_WS_WIN exist failed with the following output:
Change Dir: /home/aditya/raha2016_slam/build/CMakeFiles/CMakeTmp

Run Build Command:/usr/bin/make "cmTryCompileExec23888447/fast"
/usr/bin/make -f CMakeFiles/cmTryCompileExec23888447.dir/build.make CMakeFiles/cmTryCompileExec23888447.dir/build
make[1]: Entering directory `/home/aditya/raha2016_slam/build/CMakeFiles/CMakeTmp'
/usr/bin/cmake -E cmake_progress_report /home/aditya/raha2016_slam/build/CMakeFiles/CMakeTmp/CMakeFiles 1
Building CXX object CMakeFiles/cmTryCompileExec23888447.dir/CheckSymbolExists.cxx.o
/usr/bin/c++    -I/usr/include/qt4    -o CMakeFiles/cmTryCompileExec23888447.dir/CheckSymbolExists.cxx.o -c /home/aditya/raha2016_slam/build/CMakeFiles/CMakeTmp/CheckSymbolExists.cxx
/home/aditya/raha2016_slam/build/CMakeFiles/CMakeTmp/CheckSymbolExists.cxx: In function ‘int main(int, char**)’:
/home/aditya/raha2016_slam/build/CMakeFiles/CMakeTmp/CheckSymbolExists.cxx:8:19: error: ‘Q_WS_WIN’ was not declared in this scope
   return ((int*)(&Q_WS_WIN))[argc];
                   ^
make[1]: *** [CMakeFiles/cmTryCompileExec23888447.dir/CheckSymbolExists.cxx.o] Error 1
make[1]: Leaving directory `/home/aditya/raha2016_slam/build/CMakeFiles/CMakeTmp'
make: *** [cmTryCompileExec23888447/fast] Error 2

File /home/aditya/raha2016_slam/build/CMakeFiles/CMakeTmp/CheckSymbolExists.cxx:
/* */
#include <QtCore/qglobal.h>

int main(int argc, char** argv)
{
  (void)argv;
#ifndef Q_WS_WIN
  return ((int*)(&Q_WS_WIN))[argc];
#else
  (void)argc;
  return 0;
#endif
}

Determining if the Q_WS_QWS exist failed with the following output:
Change Dir: /home/aditya/raha2016_slam/build/CMakeFiles/CMakeTmp

Run Build Command:/usr/bin/make "cmTryCompileExec3757100069/fast"
/usr/bin/make -f CMakeFiles/cmTryCompileExec3757100069.dir/build.make CMakeFiles/cmTryCompileExec3757100069.dir/build
make[1]: Entering directory `/home/aditya/raha2016_slam/build/CMakeFiles/CMakeTmp'
/usr/bin/cmake -E cmake_progress_report /home/aditya/raha2016_slam/build/CMakeFiles/CMakeTmp/CMakeFiles 1
Building CXX object CMakeFiles/cmTryCompileExec3757100069.dir/CheckSymbolExists.cxx.o
/usr/bin/c++    -I/usr/include/qt4    -o CMakeFiles/cmTryCompileExec3757100069.dir/CheckSymbolExists.cxx.o -c /home/aditya/raha2016_slam/build/CMakeFiles/CMakeTmp/CheckSymbolExists.cxx
/home/aditya/raha2016_slam/build/CMakeFiles/CMakeTmp/CheckSymbolExists.cxx: In function ‘int main(int, char**)’:
/home/aditya/raha2016_slam/build/CMakeFiles/CMakeTmp/CheckSymbolExists.cxx:8:19: error: ‘Q_WS_QWS’ was not declared in this scope
   return ((int*)(&Q_WS_QWS))[argc];
                   ^
make[1]: *** [CMakeFiles/cmTryCompileExec3757100069.dir/CheckSymbolExists.cxx.o] Error 1
make[1]: Leaving directory `/home/aditya/raha2016_slam/build/CMakeFiles/CMakeTmp'
make: *** [cmTryCompileExec3757100069/fast] Error 2

File /home/aditya/raha2016_slam/build/CMakeFiles/CMakeTmp/CheckSymbolExists.cxx:
/* */
#include <QtCore/qglobal.h>

int main(int argc, char** argv)
{
  (void)argv;
#ifndef Q_WS_QWS
  return ((int*)(&Q_WS_QWS))[argc];
#else
  (void)argc;
  return 0;
#endif
}

Determining if the Q_WS_MAC exist failed with the following output:
Change Dir: /home/aditya/raha2016_slam/build/CMakeFiles/CMakeTmp

Run Build Command:/usr/bin/make "cmTryCompileExec3025146543/fast"
/usr/bin/make -f CMakeFiles/cmTryCompileExec3025146543.dir/build.make CMakeFiles/cmTryCompileExec3025146543.dir/build
make[1]: Entering directory `/home/aditya/raha2016_slam/build/CMakeFiles/CMakeTmp'
/usr/bin/cmake -E cmake_progress_report /home/aditya/raha2016_slam/build/CMakeFiles/CMakeTmp/CMakeFiles 1
Building CXX object CMakeFiles/cmTryCompileExec3025146543.dir/CheckSymbolExists.cxx.o
/usr/bin/c++    -I/usr/include/qt4    -o CMakeFiles/cmTryCompileExec3025146543.dir/CheckSymbolExists.cxx.o -c /home/aditya/raha2016_slam/build/CMakeFiles/CMakeTmp/CheckSymbolExists.cxx
/home/aditya/raha2016_slam/build/CMakeFiles/CMakeTmp/CheckSymbolExists.cxx: In function ‘int main(int, char**)’:
/home/aditya/raha2016_slam/build/CMakeFiles/CMakeTmp/CheckSymbolExists.cxx:8:19: error: ‘Q_WS_MAC’ was not declared in this scope
   return ((int*)(&Q_WS_MAC))[argc];
                   ^
make[1]: *** [CMakeFiles/cmTryCompileExec3025146543.dir/CheckSymbolExists.cxx.o] Error 1
make[1]: Leaving directory `/home/aditya/raha2016_slam/build/CMakeFiles/CMakeTmp'
make: *** [cmTryCompileExec3025146543/fast] Error 2

File /home/aditya/raha2016_slam/build/CMakeFiles/CMakeTmp/CheckSymbolExists.cxx:
/* */
#include <QtCore/qglobal.h>

int main(int argc, char** argv)
{
  (void)argv;
#ifndef Q_WS_MAC
  return ((int*)(&Q_WS_MAC))[argc];
#else
  (void)argc;
  return 0;
#endif
}

